Started GET "/" for 127.0.0.1 at 2018-07-06 09:06:01 +0700
Processing by Rails::WelcomeController#index as HTML
  Rendering /home/tuquyet/.rbenv/versions/2.5.0/lib/ruby/gems/2.5.0/gems/railties-5.1.6/lib/rails/templates/rails/welcome/index.html.erb
  Rendered /home/tuquyet/.rbenv/versions/2.5.0/lib/ruby/gems/2.5.0/gems/railties-5.1.6/lib/rails/templates/rails/welcome/index.html.erb (2.1ms)
Completed 200 OK in 145ms (Views: 4.6ms)


Started GET "/" for 127.0.0.1 at 2018-07-07 15:40:07 +0700
Processing by Rails::WelcomeController#index as HTML
  Rendering /home/tuquyet/.rbenv/versions/2.5.0/lib/ruby/gems/2.5.0/gems/railties-5.1.6/lib/rails/templates/rails/welcome/index.html.erb
  Rendered /home/tuquyet/.rbenv/versions/2.5.0/lib/ruby/gems/2.5.0/gems/railties-5.1.6/lib/rails/templates/rails/welcome/index.html.erb (2.4ms)
Completed 200 OK in 705ms (Views: 41.1ms)


Started GET "/" for 127.0.0.1 at 2018-07-07 15:40:20 +0700
Processing by Rails::WelcomeController#index as HTML
  Rendering /home/tuquyet/.rbenv/versions/2.5.0/lib/ruby/gems/2.5.0/gems/railties-5.1.6/lib/rails/templates/rails/welcome/index.html.erb
  Rendered /home/tuquyet/.rbenv/versions/2.5.0/lib/ruby/gems/2.5.0/gems/railties-5.1.6/lib/rails/templates/rails/welcome/index.html.erb (3.0ms)
Completed 200 OK in 5ms (Views: 4.3ms)


Started GET "/" for 127.0.0.1 at 2018-07-17 20:45:57 +0700
Processing by Rails::WelcomeController#index as HTML
  Rendering /home/tuquyet/.rbenv/versions/2.5.1/lib/ruby/gems/2.5.0/gems/railties-5.1.6/lib/rails/templates/rails/welcome/index.html.erb
  Rendered /home/tuquyet/.rbenv/versions/2.5.1/lib/ruby/gems/2.5.0/gems/railties-5.1.6/lib/rails/templates/rails/welcome/index.html.erb (2.1ms)
Completed 200 OK in 804ms (Views: 22.4ms)


Started GET "/" for 127.0.0.1 at 2018-07-17 20:55:37 +0700
  
ActiveRecord::PendingMigrationError (

Migrations are pending. To resolve this issue, run:

        bin/rails db:migrate RAILS_ENV=development

):
  
activerecord (5.1.6) lib/active_record/migration.rb:576:in `check_pending!'
activerecord (5.1.6) lib/active_record/migration.rb:553:in `call'
actionpack (5.1.6) lib/action_dispatch/middleware/callbacks.rb:26:in `block in call'
activesupport (5.1.6) lib/active_support/callbacks.rb:97:in `run_callbacks'
actionpack (5.1.6) lib/action_dispatch/middleware/callbacks.rb:24:in `call'
actionpack (5.1.6) lib/action_dispatch/middleware/executor.rb:12:in `call'
actionpack (5.1.6) lib/action_dispatch/middleware/debug_exceptions.rb:59:in `call'
web-console (3.6.2) lib/web_console/middleware.rb:135:in `call_app'
web-console (3.6.2) lib/web_console/middleware.rb:30:in `block in call'
web-console (3.6.2) lib/web_console/middleware.rb:20:in `catch'
web-console (3.6.2) lib/web_console/middleware.rb:20:in `call'
actionpack (5.1.6) lib/action_dispatch/middleware/show_exceptions.rb:31:in `call'
railties (5.1.6) lib/rails/rack/logger.rb:36:in `call_app'
railties (5.1.6) lib/rails/rack/logger.rb:24:in `block in call'
activesupport (5.1.6) lib/active_support/tagged_logging.rb:69:in `block in tagged'
activesupport (5.1.6) lib/active_support/tagged_logging.rb:26:in `tagged'
activesupport (5.1.6) lib/active_support/tagged_logging.rb:69:in `tagged'
railties (5.1.6) lib/rails/rack/logger.rb:24:in `call'
sprockets-rails (3.2.1) lib/sprockets/rails/quiet_assets.rb:13:in `call'
actionpack (5.1.6) lib/action_dispatch/middleware/remote_ip.rb:79:in `call'
actionpack (5.1.6) lib/action_dispatch/middleware/request_id.rb:25:in `call'
rack (2.0.5) lib/rack/method_override.rb:22:in `call'
rack (2.0.5) lib/rack/runtime.rb:22:in `call'
activesupport (5.1.6) lib/active_support/cache/strategy/local_cache_middleware.rb:27:in `call'
actionpack (5.1.6) lib/action_dispatch/middleware/executor.rb:12:in `call'
actionpack (5.1.6) lib/action_dispatch/middleware/static.rb:125:in `call'
rack (2.0.5) lib/rack/sendfile.rb:111:in `call'
railties (5.1.6) lib/rails/engine.rb:522:in `call'
puma (3.11.4) lib/puma/configuration.rb:225:in `call'
puma (3.11.4) lib/puma/server.rb:632:in `handle_request'
puma (3.11.4) lib/puma/server.rb:446:in `process_client'
puma (3.11.4) lib/puma/server.rb:306:in `block in run'
puma (3.11.4) lib/puma/thread_pool.rb:120:in `block in spawn_thread'
  [1m[35m (0.1ms)[0m  [1m[34mSELECT sqlite_version(*)[0m
  [1m[35m (95.2ms)[0m  [1m[35mCREATE TABLE "schema_migrations" ("version" varchar NOT NULL PRIMARY KEY)[0m
  [1m[35m (89.9ms)[0m  [1m[35mCREATE TABLE "ar_internal_metadata" ("key" varchar NOT NULL PRIMARY KEY, "value" varchar, "created_at" datetime NOT NULL, "updated_at" datetime NOT NULL)[0m
  [1m[35m (0.1ms)[0m  [1m[34mSELECT "schema_migrations"."version" FROM "schema_migrations" ORDER BY "schema_migrations"."version" ASC[0m
Migrating to CreateUsers (20180717135057)
  [1m[35m (0.1ms)[0m  [1m[36mbegin transaction[0m
  [1m[35m (1.9ms)[0m  [1m[35mCREATE TABLE "users" ("id" INTEGER PRIMARY KEY AUTOINCREMENT NOT NULL, "name" varchar, "email" varchar, "created_at" datetime NOT NULL, "updated_at" datetime NOT NULL)[0m
  [1m[35mSQL (0.2ms)[0m  [1m[32mINSERT INTO "schema_migrations" ("version") VALUES (?)[0m  [["version", "20180717135057"]]
  [1m[35m (81.3ms)[0m  [1m[36mcommit transaction[0m
  [1m[36mActiveRecord::InternalMetadata Load (0.3ms)[0m  [1m[34mSELECT  "ar_internal_metadata".* FROM "ar_internal_metadata" WHERE "ar_internal_metadata"."key" = ? LIMIT ?[0m  [["key", "environment"], ["LIMIT", 1]]
  [1m[35m (0.1ms)[0m  [1m[36mbegin transaction[0m
  [1m[35mSQL (0.3ms)[0m  [1m[32mINSERT INTO "ar_internal_metadata" ("key", "value", "created_at", "updated_at") VALUES (?, ?, ?, ?)[0m  [["key", "environment"], ["value", "development"], ["created_at", "2018-07-17 13:55:55.476610"], ["updated_at", "2018-07-17 13:55:55.476610"]]
  [1m[35m (64.6ms)[0m  [1m[36mcommit transaction[0m
  [1m[35m (0.1ms)[0m  [1m[34mSELECT "schema_migrations"."version" FROM "schema_migrations" ORDER BY "schema_migrations"."version" ASC[0m
Started GET "/" for 127.0.0.1 at 2018-07-17 20:56:03 +0700
  [1m[35m (0.1ms)[0m  [1m[34mSELECT "schema_migrations"."version" FROM "schema_migrations" ORDER BY "schema_migrations"."version" ASC[0m
Processing by Rails::WelcomeController#index as HTML
  Rendering /home/tuquyet/.rbenv/versions/2.5.1/lib/ruby/gems/2.5.0/gems/railties-5.1.6/lib/rails/templates/rails/welcome/index.html.erb
  Rendered /home/tuquyet/.rbenv/versions/2.5.1/lib/ruby/gems/2.5.0/gems/railties-5.1.6/lib/rails/templates/rails/welcome/index.html.erb (2.6ms)
Completed 200 OK in 13ms (Views: 6.1ms | ActiveRecord: 0.0ms)


Started GET "/users" for 127.0.0.1 at 2018-07-17 20:56:07 +0700
Processing by UsersController#index as HTML
  Rendering users/index.html.erb within layouts/application
  [1m[36mUser Load (0.1ms)[0m  [1m[34mSELECT "users".* FROM "users"[0m
  Rendered users/index.html.erb within layouts/application (2.3ms)
Completed 200 OK in 2032ms (Views: 2028.9ms | ActiveRecord: 0.6ms)


Started GET "/users/new" for 127.0.0.1 at 2018-07-17 21:04:25 +0700
Processing by UsersController#new as HTML
  Rendering users/new.html.erb within layouts/application
  Rendered users/_form.html.erb (147.0ms)
  Rendered users/new.html.erb within layouts/application (148.3ms)
Completed 200 OK in 173ms (Views: 163.7ms | ActiveRecord: 0.9ms)


Started POST "/users" for 127.0.0.1 at 2018-07-17 21:04:54 +0700
Processing by UsersController#create as HTML
  Parameters: {"utf8"=>"✓", "authenticity_token"=>"vDHtEyt6P3wN42+MQa0w+zk4m5WaTISyxNE0mizBjGfMxRPr/SfcU2gdXUUPkH1cs4N0JSoT+DFjmwz/rqZ6pA==", "user"=>{"name"=>"TEST", "email"=>"hihi"}, "commit"=>"Create User"}
  [1m[35m (0.1ms)[0m  [1m[36mbegin transaction[0m
  [1m[35mSQL (1.1ms)[0m  [1m[32mINSERT INTO "users" ("name", "email", "created_at", "updated_at") VALUES (?, ?, ?, ?)[0m  [["name", "test"], ["email", "hihi"], ["created_at", "2018-07-17 14:04:54.174062"], ["updated_at", "2018-07-17 14:04:54.174062"]]
  [1m[35m (195.0ms)[0m  [1m[36mcommit transaction[0m
Redirected to http://localhost:3000/users/1
Completed 302 Found in 199ms (ActiveRecord: 196.1ms)


Started GET "/users/1" for 127.0.0.1 at 2018-07-17 21:04:54 +0700
Processing by UsersController#show as HTML
  Parameters: {"id"=>"1"}
  [1m[36mUser Load (0.3ms)[0m  [1m[34mSELECT  "users".* FROM "users" WHERE "users"."id" = ? LIMIT ?[0m  [["id", 1], ["LIMIT", 1]]
  Rendering users/show.html.erb within layouts/application
  Rendered users/show.html.erb within layouts/application (0.7ms)
Completed 200 OK in 39ms (Views: 18.2ms | ActiveRecord: 0.3ms)


Started GET "/users" for 127.0.0.1 at 2018-07-17 21:04:56 +0700
Processing by UsersController#index as HTML
  Rendering users/index.html.erb within layouts/application
  [1m[36mUser Load (0.3ms)[0m  [1m[34mSELECT "users".* FROM "users"[0m
  Rendered users/index.html.erb within layouts/application (2.4ms)
Completed 200 OK in 23ms (Views: 21.6ms | ActiveRecord: 0.3ms)


  [1m[36mUser Load (0.3ms)[0m  [1m[34mSELECT  "users".* FROM "users" ORDER BY "users"."id" ASC LIMIT ?[0m  [["LIMIT", 1]]
Started DELETE "/users/1" for 127.0.0.1 at 2018-07-17 21:05:28 +0700
Processing by UsersController#destroy as HTML
  Parameters: {"authenticity_token"=>"Q3XPTLuVqHLbHHuiicpcQyUHsAJhkYNXMe+Z+nA2X6UA8FM+Lsz5xaxfWV8X+IcPSV5KdH0q4PUhCRuh5ShQqg==", "id"=>"1"}
  [1m[36mUser Load (0.1ms)[0m  [1m[34mSELECT  "users".* FROM "users" WHERE "users"."id" = ? LIMIT ?[0m  [["id", 1], ["LIMIT", 1]]
  [1m[35m (0.0ms)[0m  [1m[36mbegin transaction[0m
  [1m[35mSQL (0.3ms)[0m  [1m[31mDELETE FROM "users" WHERE "users"."id" = ?[0m  [["id", 1]]
  [1m[35m (86.6ms)[0m  [1m[36mcommit transaction[0m
Redirected to http://localhost:3000/users
Completed 302 Found in 92ms (ActiveRecord: 87.0ms)


Started GET "/users" for 127.0.0.1 at 2018-07-17 21:05:28 +0700
Processing by UsersController#index as HTML
  Rendering users/index.html.erb within layouts/application
  [1m[36mUser Load (0.1ms)[0m  [1m[34mSELECT "users".* FROM "users"[0m
  Rendered users/index.html.erb within layouts/application (1.3ms)
Completed 200 OK in 34ms (Views: 33.1ms | ActiveRecord: 0.1ms)


  [1m[36mUser Load (0.3ms)[0m  [1m[34mSELECT  "users".* FROM "users" ORDER BY "users"."id" ASC LIMIT ?[0m  [["LIMIT", 1]]
Started GET "/users/new" for 127.0.0.1 at 2018-07-17 21:13:40 +0700
Processing by UsersController#new as HTML
  Rendering users/new.html.erb within layouts/application
  Rendered users/_form.html.erb (1.6ms)
  Rendered users/new.html.erb within layouts/application (2.4ms)
Completed 200 OK in 25ms (Views: 16.7ms | ActiveRecord: 0.8ms)


Started POST "/users" for 127.0.0.1 at 2018-07-17 21:13:49 +0700
Processing by UsersController#create as HTML
  Parameters: {"utf8"=>"✓", "authenticity_token"=>"G3STIqMsJSm2I0GywvCu67GhzniI6yy+6Df97iELMjhrgG3adXHGBtPdc3uMzeNMOxohyDi0UD1PfcWLo2zE+w==", "user"=>{"name"=>"KKKKK", "email"=>"xvy"}, "commit"=>"Create User"}
  [1m[35m (0.1ms)[0m  [1m[36mbegin transaction[0m
  [1m[35mSQL (1.3ms)[0m  [1m[32mINSERT INTO "users" ("name", "email", "created_at", "updated_at") VALUES (?, ?, ?, ?)[0m  [["name", "kkkkk"], ["email", "xvy"], ["created_at", "2018-07-17 14:13:49.508607"], ["updated_at", "2018-07-17 14:13:49.508607"]]
  [1m[35m (212.4ms)[0m  [1m[36mcommit transaction[0m
Redirected to http://localhost:3000/users/2
Completed 302 Found in 217ms (ActiveRecord: 213.8ms)


Started GET "/users/2" for 127.0.0.1 at 2018-07-17 21:13:49 +0700
Processing by UsersController#show as HTML
  Parameters: {"id"=>"2"}
  [1m[36mUser Load (0.2ms)[0m  [1m[34mSELECT  "users".* FROM "users" WHERE "users"."id" = ? LIMIT ?[0m  [["id", 2], ["LIMIT", 1]]
  Rendering users/show.html.erb within layouts/application
  Rendered users/show.html.erb within layouts/application (0.7ms)
Completed 200 OK in 17ms (Views: 15.1ms | ActiveRecord: 0.2ms)


Started GET "/users" for 127.0.0.1 at 2018-07-17 21:14:03 +0700
Processing by UsersController#index as HTML
  Rendering users/index.html.erb within layouts/application
  [1m[36mUser Load (0.3ms)[0m  [1m[34mSELECT "users".* FROM "users"[0m
  Rendered users/index.html.erb within layouts/application (2.3ms)
Completed 200 OK in 24ms (Views: 22.1ms | ActiveRecord: 0.3ms)


Started DELETE "/users/2" for 127.0.0.1 at 2018-07-17 21:14:05 +0700
Processing by UsersController#destroy as HTML
  Parameters: {"authenticity_token"=>"qJOgXj7AI1aCcVshyi+zhRi33JHf9Up+BlQ2Hw0OJkTrFjwsq5ly4fUyedxUHWjJdO4m58NOKdwWsrREmBApSw==", "id"=>"2"}
  [1m[36mUser Load (0.1ms)[0m  [1m[34mSELECT  "users".* FROM "users" WHERE "users"."id" = ? LIMIT ?[0m  [["id", 2], ["LIMIT", 1]]
  [1m[35m (0.0ms)[0m  [1m[36mbegin transaction[0m
  [1m[35mSQL (1.0ms)[0m  [1m[31mDELETE FROM "users" WHERE "users"."id" = ?[0m  [["id", 2]]
  [1m[35m (89.4ms)[0m  [1m[36mcommit transaction[0m
Redirected to http://localhost:3000/users
Completed 302 Found in 94ms (ActiveRecord: 90.5ms)


Started GET "/users" for 127.0.0.1 at 2018-07-17 21:14:05 +0700
Processing by UsersController#index as HTML
  Rendering users/index.html.erb within layouts/application
  [1m[36mUser Load (0.2ms)[0m  [1m[34mSELECT "users".* FROM "users"[0m
  Rendered users/index.html.erb within layouts/application (1.3ms)
Completed 200 OK in 26ms (Views: 24.4ms | ActiveRecord: 0.2ms)


Started GET "/users/new" for 127.0.0.1 at 2018-07-17 21:15:18 +0700
Processing by UsersController#new as HTML
  Rendering users/new.html.erb within layouts/application
  Rendered users/_form.html.erb (2.5ms)
  Rendered users/new.html.erb within layouts/application (3.9ms)
Completed 200 OK in 33ms (Views: 32.1ms | ActiveRecord: 0.0ms)


Started POST "/users" for 127.0.0.1 at 2018-07-17 21:15:25 +0700
Processing by UsersController#create as HTML
  Parameters: {"utf8"=>"✓", "authenticity_token"=>"64eFiZ0ZHjElzMLkZbNawQ3etLYELi3OFiLdfRzKwDybc3txS0T9HkAy8C0rjhdmh2VbBrRxUU2xaOUYnq02/w==", "user"=>{"name"=>"KKK", "email"=>"áhád"}, "commit"=>"Create User"}
  [1m[35m (0.1ms)[0m  [1m[36mbegin transaction[0m
  [1m[35mSQL (1.6ms)[0m  [1m[32mINSERT INTO "users" ("name", "email", "created_at", "updated_at") VALUES (?, ?, ?, ?)[0m  [["name", "kkk"], ["email", "áhád"], ["created_at", "2018-07-17 14:15:25.081051"], ["updated_at", "2018-07-17 14:15:25.081051"]]
  [1m[35m (207.9ms)[0m  [1m[36mcommit transaction[0m
Redirected to http://localhost:3000/users/3
Completed 302 Found in 213ms (ActiveRecord: 209.6ms)


Started GET "/users/3" for 127.0.0.1 at 2018-07-17 21:15:25 +0700
Processing by UsersController#show as HTML
  Parameters: {"id"=>"3"}
  [1m[36mUser Load (0.1ms)[0m  [1m[34mSELECT  "users".* FROM "users" WHERE "users"."id" = ? LIMIT ?[0m  [["id", 3], ["LIMIT", 1]]
  Rendering users/show.html.erb within layouts/application
  Rendered users/show.html.erb within layouts/application (0.6ms)
Completed 200 OK in 17ms (Views: 15.9ms | ActiveRecord: 0.1ms)


Started GET "/users" for 127.0.0.1 at 2018-07-17 21:15:26 +0700
Processing by UsersController#index as HTML
  Rendering users/index.html.erb within layouts/application
  [1m[36mUser Load (0.2ms)[0m  [1m[34mSELECT "users".* FROM "users"[0m
  Rendered users/index.html.erb within layouts/application (2.0ms)
Completed 200 OK in 23ms (Views: 21.9ms | ActiveRecord: 0.2ms)


Started GET "/users/3/edit" for 127.0.0.1 at 2018-07-17 21:15:28 +0700
Processing by UsersController#edit as HTML
  Parameters: {"id"=>"3"}
  [1m[36mUser Load (0.2ms)[0m  [1m[34mSELECT  "users".* FROM "users" WHERE "users"."id" = ? LIMIT ?[0m  [["id", 3], ["LIMIT", 1]]
  Rendering users/edit.html.erb within layouts/application
  Rendered users/_form.html.erb (1.7ms)
  Rendered users/edit.html.erb within layouts/application (2.9ms)
Completed 200 OK in 104ms (Views: 22.9ms | ActiveRecord: 0.2ms)


Started PATCH "/users/3" for 127.0.0.1 at 2018-07-17 21:15:29 +0700
Processing by UsersController#update as HTML
  Parameters: {"utf8"=>"✓", "authenticity_token"=>"eCkBnlwVYQZEXTEaTr/m6ydIM49V5GTsGy8Fpcp6vZ+DIM0NGNHX3JUa/+TZX0CPFez47Nmwx4W3FjLtDDZVEw==", "user"=>{"name"=>"kkk", "email"=>"áhád"}, "commit"=>"Update User", "id"=>"3"}
  [1m[36mUser Load (0.1ms)[0m  [1m[34mSELECT  "users".* FROM "users" WHERE "users"."id" = ? LIMIT ?[0m  [["id", 3], ["LIMIT", 1]]
  [1m[35m (0.0ms)[0m  [1m[36mbegin transaction[0m
  [1m[35m (0.0ms)[0m  [1m[36mcommit transaction[0m
Redirected to http://localhost:3000/users/3
Completed 302 Found in 2ms (ActiveRecord: 0.2ms)


Started GET "/users/3" for 127.0.0.1 at 2018-07-17 21:15:29 +0700
Processing by UsersController#show as HTML
  Parameters: {"id"=>"3"}
  [1m[36mUser Load (0.1ms)[0m  [1m[34mSELECT  "users".* FROM "users" WHERE "users"."id" = ? LIMIT ?[0m  [["id", 3], ["LIMIT", 1]]
  Rendering users/show.html.erb within layouts/application
  Rendered users/show.html.erb within layouts/application (0.9ms)
Completed 200 OK in 19ms (Views: 17.5ms | ActiveRecord: 0.1ms)


Started GET "/users" for 127.0.0.1 at 2018-07-17 21:15:38 +0700
Processing by UsersController#index as HTML
  Rendering users/index.html.erb within layouts/application
  [1m[36mUser Load (0.2ms)[0m  [1m[34mSELECT "users".* FROM "users"[0m
  Rendered users/index.html.erb within layouts/application (1.9ms)
Completed 200 OK in 23ms (Views: 21.6ms | ActiveRecord: 0.2ms)


  [1m[36mUser Load (0.3ms)[0m  [1m[34mSELECT  "users".* FROM "users" ORDER BY "users"."id" ASC LIMIT ?[0m  [["LIMIT", 1]]
Started GET "/users/3" for 127.0.0.1 at 2018-07-17 21:30:52 +0700
Processing by UsersController#show as HTML
  Parameters: {"id"=>"3"}
  [1m[36mUser Load (0.4ms)[0m  [1m[34mSELECT  "users".* FROM "users" WHERE "users"."id" = ? LIMIT ?[0m  [["id", 3], ["LIMIT", 1]]
  Rendering users/show.html.erb within layouts/application
  Rendered users/show.html.erb within layouts/application (1.7ms)
Completed 200 OK in 34ms (Views: 20.5ms | ActiveRecord: 1.2ms)


Started GET "/users" for 127.0.0.1 at 2018-07-17 21:30:55 +0700
Processing by UsersController#index as HTML
  Rendering users/index.html.erb within layouts/application
  [1m[36mUser Load (0.2ms)[0m  [1m[34mSELECT "users".* FROM "users"[0m
  Rendered users/index.html.erb within layouts/application (3.0ms)
Completed 200 OK in 23ms (Views: 22.0ms | ActiveRecord: 0.2ms)


Started GET "/users/3" for 127.0.0.1 at 2018-07-17 21:30:56 +0700
Processing by UsersController#show as HTML
  Parameters: {"id"=>"3"}
  [1m[36mUser Load (0.2ms)[0m  [1m[34mSELECT  "users".* FROM "users" WHERE "users"."id" = ? LIMIT ?[0m  [["id", 3], ["LIMIT", 1]]
  Rendering users/show.html.erb within layouts/application
  Rendered users/show.html.erb within layouts/application (0.8ms)
Completed 200 OK in 25ms (Views: 22.4ms | ActiveRecord: 0.2ms)


Started GET "/users" for 127.0.0.1 at 2018-07-17 21:30:58 +0700
Processing by UsersController#index as HTML
  Rendering users/index.html.erb within layouts/application
  [1m[36mUser Load (0.2ms)[0m  [1m[34mSELECT "users".* FROM "users"[0m
  Rendered users/index.html.erb within layouts/application (2.2ms)
Completed 200 OK in 29ms (Views: 26.5ms | ActiveRecord: 0.2ms)


Started GET "/users" for 127.0.0.1 at 2018-07-17 21:31:24 +0700
Processing by UsersController#index as HTML
  Rendering users/index.html.erb within layouts/application
  [1m[36mUser Load (0.1ms)[0m  [1m[34mSELECT "users".* FROM "users"[0m
  Rendered users/index.html.erb within layouts/application (8.9ms)
Completed 200 OK in 34ms (Views: 32.0ms | ActiveRecord: 0.7ms)


Started GET "/users/3/edit" for 127.0.0.1 at 2018-07-17 21:31:28 +0700
Processing by UsersController#edit as HTML
  Parameters: {"id"=>"3"}
  [1m[36mUser Load (0.2ms)[0m  [1m[34mSELECT  "users".* FROM "users" WHERE "users"."id" = ? LIMIT ?[0m  [["id", 3], ["LIMIT", 1]]
  Rendering users/edit.html.erb within layouts/application
  Rendered users/_form.html.erb (2.4ms)
  Rendered users/edit.html.erb within layouts/application (3.8ms)
Completed 200 OK in 31ms (Views: 28.2ms | ActiveRecord: 0.2ms)


Started PATCH "/users/3" for 127.0.0.1 at 2018-07-17 21:31:29 +0700
Processing by UsersController#update as HTML
  Parameters: {"utf8"=>"✓", "authenticity_token"=>"2ou1t9Z7B5O0jba8wsypbzgTh71jsBF33TCu8P/7/l4hgnkkkr+xSWXKeEJVLA8LCrdM3u/ksh5xCZm4ObcW0g==", "user"=>{"name"=>"kkk", "email"=>"áhád"}, "commit"=>"Update User", "id"=>"3"}
  [1m[36mUser Load (0.1ms)[0m  [1m[34mSELECT  "users".* FROM "users" WHERE "users"."id" = ? LIMIT ?[0m  [["id", 3], ["LIMIT", 1]]
  [1m[35m (0.1ms)[0m  [1m[36mbegin transaction[0m
  [1m[35mSQL (2.1ms)[0m  [1m[33mUPDATE "users" SET "email" = ? WHERE "users"."id" = ?[0m  [["email", "áhádhihi"], ["id", 3]]
  [1m[35m (204.5ms)[0m  [1m[36mcommit transaction[0m
Redirected to http://localhost:3000/users/3
Completed 302 Found in 212ms (ActiveRecord: 206.8ms)


Started GET "/users/3" for 127.0.0.1 at 2018-07-17 21:31:30 +0700
Processing by UsersController#show as HTML
  Parameters: {"id"=>"3"}
  [1m[36mUser Load (0.1ms)[0m  [1m[34mSELECT  "users".* FROM "users" WHERE "users"."id" = ? LIMIT ?[0m  [["id", 3], ["LIMIT", 1]]
  Rendering users/show.html.erb within layouts/application
  Rendered users/show.html.erb within layouts/application (1.5ms)
Completed 200 OK in 20ms (Views: 17.9ms | ActiveRecord: 0.1ms)


Started GET "/users" for 127.0.0.1 at 2018-07-17 21:31:44 +0700
Processing by UsersController#index as HTML
  Rendering users/index.html.erb within layouts/application
  [1m[36mUser Load (0.3ms)[0m  [1m[34mSELECT "users".* FROM "users"[0m
  Rendered users/index.html.erb within layouts/application (2.4ms)
Completed 200 OK in 26ms (Views: 25.1ms | ActiveRecord: 0.3ms)


Started DELETE "/users/3" for 127.0.0.1 at 2018-07-17 21:31:46 +0700
Processing by UsersController#destroy as HTML
  Parameters: {"authenticity_token"=>"haDw+L6D3RM6jcXy5FUuuo3gJjgqBlRP9Dwz1GOY4GvGJWyKK9qMpE3O5w96Z/X24bncTja9N+3k2rGP9obvZA==", "id"=>"3"}
  [1m[36mUser Load (0.1ms)[0m  [1m[34mSELECT  "users".* FROM "users" WHERE "users"."id" = ? LIMIT ?[0m  [["id", 3], ["LIMIT", 1]]
  [1m[35m (0.0ms)[0m  [1m[36mbegin transaction[0m
  [1m[35mSQL (0.7ms)[0m  [1m[31mDELETE FROM "users" WHERE "users"."id" = ?[0m  [["id", 3]]
  [1m[35m (51.2ms)[0m  [1m[36mcommit transaction[0m
Redirected to http://localhost:3000/users
Completed 302 Found in 55ms (ActiveRecord: 52.0ms)


Started GET "/users" for 127.0.0.1 at 2018-07-17 21:31:47 +0700
Processing by UsersController#index as HTML
  Rendering users/index.html.erb within layouts/application
  [1m[36mUser Load (0.1ms)[0m  [1m[34mSELECT "users".* FROM "users"[0m
  Rendered users/index.html.erb within layouts/application (1.1ms)
Completed 200 OK in 17ms (Views: 15.9ms | ActiveRecord: 0.1ms)


Started GET "/users/new" for 127.0.0.1 at 2018-07-17 21:31:48 +0700
Processing by UsersController#new as HTML
  Rendering users/new.html.erb within layouts/application
  Rendered users/_form.html.erb (2.4ms)
  Rendered users/new.html.erb within layouts/application (3.9ms)
Completed 200 OK in 28ms (Views: 26.3ms | ActiveRecord: 0.0ms)


Started POST "/users" for 127.0.0.1 at 2018-07-17 21:32:11 +0700
Processing by UsersController#create as HTML
  Parameters: {"utf8"=>"✓", "authenticity_token"=>"eMrelEh9eXWbtOQVJAkZBloIvHugRSQUkJ8m06L+y9UIPiBsniCaWv5K1txqNFSh0LNTyxAaWJc31R62IJk9Fg==", "user"=>{"name"=>"ee", "email"=>"đd"}, "commit"=>"Create User"}
  [1m[35m (0.1ms)[0m  [1m[36mbegin transaction[0m
  [1m[35m (0.1ms)[0m  [1m[31mrollback transaction[0m
Completed 500 Internal Server Error in 23ms (ActiveRecord: 1.4ms)


  
NoMethodError (undefined method `upcase_name' for #<User:0x00007f33f49a5d10>):
  
app/controllers/users_controller.rb:30:in `block in create'
app/controllers/users_controller.rb:29:in `create'
Started GET "/" for 127.0.0.1 at 2018-07-17 21:32:29 +0700
Processing by Rails::WelcomeController#index as HTML
  Rendering /home/tuquyet/.rbenv/versions/2.5.1/lib/ruby/gems/2.5.0/gems/railties-5.1.6/lib/rails/templates/rails/welcome/index.html.erb
  Rendered /home/tuquyet/.rbenv/versions/2.5.1/lib/ruby/gems/2.5.0/gems/railties-5.1.6/lib/rails/templates/rails/welcome/index.html.erb (1.9ms)
Completed 200 OK in 4ms (Views: 3.0ms)


Started GET "/users" for 127.0.0.1 at 2018-07-17 21:32:34 +0700
Processing by UsersController#index as HTML
  Rendering users/index.html.erb within layouts/application
  [1m[36mUser Load (0.2ms)[0m  [1m[34mSELECT "users".* FROM "users"[0m
  Rendered users/index.html.erb within layouts/application (4.2ms)
Completed 200 OK in 35ms (Views: 32.1ms | ActiveRecord: 1.0ms)


Started GET "/users/new" for 127.0.0.1 at 2018-07-17 21:32:36 +0700
Processing by UsersController#new as HTML
  Rendering users/new.html.erb within layouts/application
  Rendered users/_form.html.erb (3.8ms)
  Rendered users/new.html.erb within layouts/application (5.2ms)
Completed 200 OK in 37ms (Views: 27.6ms | ActiveRecord: 0.5ms)


Started POST "/users" for 127.0.0.1 at 2018-07-17 21:32:43 +0700
Processing by UsersController#create as HTML
  Parameters: {"utf8"=>"✓", "authenticity_token"=>"WOxQfGeqPXnzlBfPIQNT/XwimUxNtt5iU4xy2GBgeKcoGK6EsffeVpZqJQZvPh5a9pl2/P3pouH0xkq94geOZA==", "user"=>{"name"=>"abc123", "email"=>"đđddddđ"}, "commit"=>"Create User"}
  [1m[35m (0.1ms)[0m  [1m[36mbegin transaction[0m
  [1m[35mSQL (1.7ms)[0m  [1m[32mINSERT INTO "users" ("name", "email", "created_at", "updated_at") VALUES (?, ?, ?, ?)[0m  [["name", "ABC123"], ["email", "đđddddđ"], ["created_at", "2018-07-17 14:32:43.052062"], ["updated_at", "2018-07-17 14:32:43.052062"]]
  [1m[35m (202.1ms)[0m  [1m[36mcommit transaction[0m
Redirected to http://localhost:3000/users/4
Completed 302 Found in 209ms (ActiveRecord: 203.9ms)


Started GET "/users/4" for 127.0.0.1 at 2018-07-17 21:32:43 +0700
Processing by UsersController#show as HTML
  Parameters: {"id"=>"4"}
  [1m[36mUser Load (0.2ms)[0m  [1m[34mSELECT  "users".* FROM "users" WHERE "users"."id" = ? LIMIT ?[0m  [["id", 4], ["LIMIT", 1]]
  Rendering users/show.html.erb within layouts/application
  Rendered users/show.html.erb within layouts/application (0.6ms)
Completed 200 OK in 17ms (Views: 15.8ms | ActiveRecord: 0.2ms)


Started GET "/users/4/edit" for 127.0.0.1 at 2018-07-17 21:32:52 +0700
Processing by UsersController#edit as HTML
  Parameters: {"id"=>"4"}
  [1m[36mUser Load (0.1ms)[0m  [1m[34mSELECT  "users".* FROM "users" WHERE "users"."id" = ? LIMIT ?[0m  [["id", 4], ["LIMIT", 1]]
  Rendering users/edit.html.erb within layouts/application
  Rendered users/_form.html.erb (3.3ms)
  Rendered users/edit.html.erb within layouts/application (4.7ms)
Completed 200 OK in 30ms (Views: 27.7ms | ActiveRecord: 0.1ms)


Started PATCH "/users/4" for 127.0.0.1 at 2018-07-17 21:32:56 +0700
Processing by UsersController#update as HTML
  Parameters: {"utf8"=>"✓", "authenticity_token"=>"ChaeNbGpU4m5dYjwczgeiSMwRYMlHLv+KI9fhHo4A5qy5LwpW9DR6rBnbt5ONgDsm6dFnodt24hQ36SEmXbhPg==", "user"=>{"name"=>"abc123", "email"=>"đđddddđ"}, "commit"=>"Update User", "id"=>"4"}
  [1m[36mUser Load (0.1ms)[0m  [1m[34mSELECT  "users".* FROM "users" WHERE "users"."id" = ? LIMIT ?[0m  [["id", 4], ["LIMIT", 1]]
  [1m[35m (0.1ms)[0m  [1m[36mbegin transaction[0m
  [1m[35mSQL (0.4ms)[0m  [1m[33mUPDATE "users" SET "email" = ? WHERE "users"."id" = ?[0m  [["email", "đđddddđhihi"], ["id", 4]]
  [1m[35m (159.3ms)[0m  [1m[36mcommit transaction[0m
Redirected to http://localhost:3000/users/4
Completed 302 Found in 164ms (ActiveRecord: 159.9ms)


Started GET "/users/4" for 127.0.0.1 at 2018-07-17 21:32:56 +0700
Processing by UsersController#show as HTML
  Parameters: {"id"=>"4"}
  [1m[36mUser Load (0.2ms)[0m  [1m[34mSELECT  "users".* FROM "users" WHERE "users"."id" = ? LIMIT ?[0m  [["id", 4], ["LIMIT", 1]]
  Rendering users/show.html.erb within layouts/application
  Rendered users/show.html.erb within layouts/application (0.6ms)
Completed 200 OK in 16ms (Views: 15.0ms | ActiveRecord: 0.2ms)


  [1m[36mUser Load (0.4ms)[0m  [1m[34mSELECT  "users".* FROM "users" LIMIT ?[0m  [["LIMIT", 11]]
Started GET "/users" for 127.0.0.1 at 2018-07-17 21:36:13 +0700
Processing by UsersController#index as HTML
  Rendering users/index.html.erb within layouts/application
  [1m[36mUser Load (0.1ms)[0m  [1m[34mSELECT "users".* FROM "users"[0m
  Rendered users/index.html.erb within layouts/application (12.7ms)
Completed 200 OK in 33ms (Views: 29.5ms | ActiveRecord: 1.5ms)


Started DELETE "/users/4" for 127.0.0.1 at 2018-07-17 21:36:16 +0700
Processing by UsersController#destroy as HTML
  Parameters: {"authenticity_token"=>"uzu/Fnl4BqSE1dOoDSgs4jrsEFgFvxBvyk+KpRias7X4viNk7CFXE/OW8VWTGveuVrXqLhkEc83aqQj+jYS8ug==", "id"=>"4"}
  [1m[36mUser Load (0.3ms)[0m  [1m[34mSELECT  "users".* FROM "users" WHERE "users"."id" = ? LIMIT ?[0m  [["id", 4], ["LIMIT", 1]]
  [1m[35m (0.1ms)[0m  [1m[36mbegin transaction[0m
  [1m[35mSQL (1.2ms)[0m  [1m[31mDELETE FROM "users" WHERE "users"."id" = ?[0m  [["id", 4]]
  [1m[35m (3.4ms)[0m  [1m[31mrollback transaction[0m
Completed 500 Internal Server Error in 19ms (ActiveRecord: 5.0ms)


  
NameError (undefined local variable or method `flash' for #<User:0x00007f33f40c9c50>):
  
app/models/user.rb:6:in `block in <class:User>'
app/controllers/users_controller.rb:57:in `destroy'
Started GET "/users/" for 127.0.0.1 at 2018-07-17 21:37:58 +0700
Processing by UsersController#index as HTML
  Rendering users/index.html.erb within layouts/application
  [1m[36mUser Load (0.1ms)[0m  [1m[34mSELECT "users".* FROM "users"[0m
  Rendered users/index.html.erb within layouts/application (12.2ms)
Completed 200 OK in 37ms (Views: 32.1ms | ActiveRecord: 1.1ms)


Started DELETE "/users/4" for 127.0.0.1 at 2018-07-17 21:38:00 +0700
Processing by UsersController#destroy as HTML
  Parameters: {"authenticity_token"=>"p/0vrulwiioPK/3F5qsBZRwC47WbgpRJaxzIU6SQkKXkeLPcfCnbnXho3zh4mdopcFsZw4c59+t7+koIMY6fqg==", "id"=>"4"}
  [1m[36mUser Load (0.2ms)[0m  [1m[34mSELECT  "users".* FROM "users" WHERE "users"."id" = ? LIMIT ?[0m  [["id", 4], ["LIMIT", 1]]
  [1m[35m (0.0ms)[0m  [1m[36mbegin transaction[0m
  [1m[35mSQL (1.9ms)[0m  [1m[31mDELETE FROM "users" WHERE "users"."id" = ?[0m  [["id", 4]]
  [1m[35m (1.1ms)[0m  [1m[31mrollback transaction[0m
Completed 500 Internal Server Error in 22ms (ActiveRecord: 3.2ms)


  
NameError (undefined local variable or method `flash' for #<User:0x000055a9e94353d0>):
  
app/models/user.rb:6:in `block in <class:User>'
app/controllers/users_controller.rb:57:in `destroy'
Started GET "/users" for 127.0.0.1 at 2018-07-17 21:39:02 +0700
Processing by UsersController#index as HTML
  Rendering users/index.html.erb within layouts/application
  [1m[36mUser Load (0.1ms)[0m  [1m[34mSELECT "users".* FROM "users"[0m
  Rendered users/index.html.erb within layouts/application (8.5ms)
Completed 200 OK in 34ms (Views: 31.7ms | ActiveRecord: 1.0ms)


Started DELETE "/users/4" for 127.0.0.1 at 2018-07-17 21:39:04 +0700
Processing by UsersController#destroy as HTML
  Parameters: {"authenticity_token"=>"Fi1NHToYdin3FeWm0WEq/oDOtkv4eYP5LX1lKuB8C4xVqNFvr0EnnoBWx1tPU/Gy7JdMPeTC4Fs9m+dxdWIEgw==", "id"=>"4"}
  [1m[36mUser Load (0.2ms)[0m  [1m[34mSELECT  "users".* FROM "users" WHERE "users"."id" = ? LIMIT ?[0m  [["id", 4], ["LIMIT", 1]]
  [1m[35m (0.2ms)[0m  [1m[36mbegin transaction[0m
  [1m[35mSQL (2.3ms)[0m  [1m[31mDELETE FROM "users" WHERE "users"."id" = ?[0m  [["id", 4]]
  [1m[35m (0.2ms)[0m  [1m[31mrollback transaction[0m
Completed 500 Internal Server Error in 17ms (ActiveRecord: 2.9ms)


  
NameError (undefined local variable or method `flash' for #<User:0x00007f33fc08fd40>):
  
app/models/user.rb:15:in `show_flash'
app/models/user.rb:6:in `block in <class:User>'
app/controllers/users_controller.rb:57:in `destroy'
Started GET "/users" for 127.0.0.1 at 2018-07-17 21:40:20 +0700
Processing by UsersController#index as HTML
  Rendering users/index.html.erb within layouts/application
  [1m[36mUser Load (0.2ms)[0m  [1m[34mSELECT "users".* FROM "users"[0m
  Rendered users/index.html.erb within layouts/application (7.1ms)
Completed 200 OK in 26ms (Views: 21.4ms | ActiveRecord: 1.0ms)


Started DELETE "/users/4" for 127.0.0.1 at 2018-07-17 21:40:22 +0700
Processing by UsersController#destroy as HTML
  Parameters: {"authenticity_token"=>"o8AlF7rEB857GJ1e1v0yqo2kL/vDIs4114JqBf8J2xTgRbllL51WeQxbv6NIz+nm4f3Vjd+ZrZfHZOheahfUGw==", "id"=>"4"}
  [1m[36mUser Load (0.2ms)[0m  [1m[34mSELECT  "users".* FROM "users" WHERE "users"."id" = ? LIMIT ?[0m  [["id", 4], ["LIMIT", 1]]
  [1m[35m (0.0ms)[0m  [1m[36mbegin transaction[0m
  [1m[35mSQL (1.4ms)[0m  [1m[31mDELETE FROM "users" WHERE "users"."id" = ?[0m  [["id", 4]]
  [1m[35m (3.0ms)[0m  [1m[31mrollback transaction[0m
Completed 500 Internal Server Error in 17ms (ActiveRecord: 4.6ms)


  
NameError (undefined local variable or method `flash' for #<User:0x00007f3404050110>):
  
app/models/user.rb:16:in `show_flash'
app/models/user.rb:6:in `block in <class:User>'
app/controllers/users_controller.rb:57:in `destroy'
Started GET "/" for 127.0.0.1 at 2018-07-17 21:46:49 +0700
Processing by Rails::WelcomeController#index as HTML
  Rendering /home/tuquyet/.rbenv/versions/2.5.1/lib/ruby/gems/2.5.0/gems/railties-5.1.6/lib/rails/templates/rails/welcome/index.html.erb
  Rendered /home/tuquyet/.rbenv/versions/2.5.1/lib/ruby/gems/2.5.0/gems/railties-5.1.6/lib/rails/templates/rails/welcome/index.html.erb (4.0ms)
Completed 200 OK in 7ms (Views: 5.5ms)


Started GET "/users" for 127.0.0.1 at 2018-07-17 21:46:53 +0700
Processing by UsersController#index as HTML
  Rendering users/index.html.erb within layouts/application
  [1m[36mUser Load (0.2ms)[0m  [1m[34mSELECT "users".* FROM "users"[0m
  Rendered users/index.html.erb within layouts/application (11.6ms)
Completed 200 OK in 38ms (Views: 32.6ms | ActiveRecord: 1.3ms)


Started DELETE "/users/4" for 127.0.0.1 at 2018-07-17 21:46:56 +0700
Processing by UsersController#destroy as HTML
  Parameters: {"authenticity_token"=>"+oZk10IjiLjpvObYe05Z/EoQcc6NGQ0cGz0a6bYyNYe5A/il13rZD57/xCXlfIKwJkmLuJGibr4L25iyIyw6iA==", "id"=>"4"}
  [1m[36mUser Load (0.2ms)[0m  [1m[34mSELECT  "users".* FROM "users" WHERE "users"."id" = ? LIMIT ?[0m  [["id", 4], ["LIMIT", 1]]
  [1m[35m (0.0ms)[0m  [1m[36mbegin transaction[0m
  [1m[35mSQL (0.3ms)[0m  [1m[31mDELETE FROM "users" WHERE "users"."id" = ?[0m  [["id", 4]]
  [1m[35m (0.2ms)[0m  [1m[31mrollback transaction[0m
Completed 500 Internal Server Error in 16ms (ActiveRecord: 0.7ms)


  
NoMethodError (undefined method `redirect_to' for #<User:0x00007f33f56489a0>):
  
app/models/user.rb:6:in `block in <class:User>'
app/controllers/users_controller.rb:57:in `destroy'
Started GET "/users" for 127.0.0.1 at 2018-07-17 21:48:47 +0700
Processing by UsersController#index as HTML
  Rendering users/index.html.erb within layouts/application
  [1m[36mUser Load (0.3ms)[0m  [1m[34mSELECT "users".* FROM "users"[0m
  Rendered users/index.html.erb within layouts/application (11.5ms)
Completed 200 OK in 29ms (Views: 26.2ms | ActiveRecord: 1.4ms)


Started DELETE "/users/4" for 127.0.0.1 at 2018-07-17 21:48:49 +0700
Processing by UsersController#destroy as HTML
  Parameters: {"authenticity_token"=>"uDgRYDYl1YTaoK4YLxwO7uDzB4V6cySmJWzP19IQ8RT7vY0So3yEM63jjOWxLtWijKr982bIRwQ1ik2MRw7+Gw==", "id"=>"4"}
  [1m[36mUser Load (0.3ms)[0m  [1m[34mSELECT  "users".* FROM "users" WHERE "users"."id" = ? LIMIT ?[0m  [["id", 4], ["LIMIT", 1]]
  [1m[35m (0.0ms)[0m  [1m[36mbegin transaction[0m
  [1m[35mSQL (0.7ms)[0m  [1m[31mDELETE FROM "users" WHERE "users"."id" = ?[0m  [["id", 4]]
User 4 was destroyed.
  [1m[35m (290.5ms)[0m  [1m[36mcommit transaction[0m
Redirected to http://localhost:3000/users
Completed 302 Found in 295ms (ActiveRecord: 291.6ms)


Started GET "/users" for 127.0.0.1 at 2018-07-17 21:48:49 +0700
Processing by UsersController#index as HTML
  Rendering users/index.html.erb within layouts/application
  [1m[36mUser Load (0.2ms)[0m  [1m[34mSELECT "users".* FROM "users"[0m
  Rendered users/index.html.erb within layouts/application (1.4ms)
Completed 200 OK in 26ms (Views: 24.5ms | ActiveRecord: 0.2ms)


Started GET "/users/new" for 127.0.0.1 at 2018-07-17 21:55:02 +0700
Processing by UsersController#new as HTML
  Rendering users/new.html.erb within layouts/application
  Rendered users/_form.html.erb (3.1ms)
  Rendered users/new.html.erb within layouts/application (4.0ms)
Completed 200 OK in 28ms (Views: 18.9ms | ActiveRecord: 0.7ms)


Started POST "/users" for 127.0.0.1 at 2018-07-17 21:55:14 +0700
Processing by UsersController#create as HTML
  Parameters: {"utf8"=>"✓", "authenticity_token"=>"pnYI8XyEI4Z4t2Jq4sOHlHBz6h2oAE1Z0TOuGmRKmQ3WgvYJqtnAqR1JUKOs/soz+sgFrRhfMdp2eZZ/5i1vzg==", "user"=>{"name"=>"xxx", "email"=>"hanoi"}, "commit"=>"Create User"}
  [1m[35m (0.1ms)[0m  [1m[36mbegin transaction[0m
  [1m[35mSQL (1.9ms)[0m  [1m[32mINSERT INTO "users" ("name", "email", "created_at", "updated_at") VALUES (?, ?, ?, ?)[0m  [["name", "XXX"], ["email", "hanoi"], ["created_at", "2018-07-17 14:55:14.141688"], ["updated_at", "2018-07-17 14:55:14.141688"]]
  [1m[35m (187.8ms)[0m  [1m[36mcommit transaction[0m
Redirected to http://localhost:3000/users/5
Completed 302 Found in 195ms (ActiveRecord: 189.7ms)


Started GET "/users/5" for 127.0.0.1 at 2018-07-17 21:55:14 +0700
Processing by UsersController#show as HTML
  Parameters: {"id"=>"5"}
  [1m[36mUser Load (0.2ms)[0m  [1m[34mSELECT  "users".* FROM "users" WHERE "users"."id" = ? LIMIT ?[0m  [["id", 5], ["LIMIT", 1]]
  Rendering users/show.html.erb within layouts/application
  Rendered users/show.html.erb within layouts/application (0.7ms)
Completed 200 OK in 32ms (Views: 30.5ms | ActiveRecord: 0.2ms)


Started GET "/users" for 127.0.0.1 at 2018-07-17 21:55:17 +0700
Processing by UsersController#index as HTML
  Rendering users/index.html.erb within layouts/application
  [1m[36mUser Load (0.2ms)[0m  [1m[34mSELECT "users".* FROM "users"[0m
  Rendered users/index.html.erb within layouts/application (2.8ms)
Completed 200 OK in 39ms (Views: 36.8ms | ActiveRecord: 0.2ms)


Started DELETE "/users/5" for 127.0.0.1 at 2018-07-17 21:55:27 +0700
Processing by UsersController#destroy as HTML
  Parameters: {"authenticity_token"=>"edHbOFiosLKzPDmCb/WenJWXKYbdbxjLRoYVcUxXwG86VEdKzfHhBcR/G3/xx0XQ+c7T8MHUe2lWYJcq2UnPYA==", "id"=>"5"}
  [1m[36mUser Load (0.1ms)[0m  [1m[34mSELECT  "users".* FROM "users" WHERE "users"."id" = ? LIMIT ?[0m  [["id", 5], ["LIMIT", 1]]
  [1m[35m (0.0ms)[0m  [1m[36mbegin transaction[0m
  [1m[35mSQL (1.4ms)[0m  [1m[31mDELETE FROM "users" WHERE "users"."id" = ?[0m  [["id", 5]]
=================User 5 was destroyed=================
  [1m[35m (64.6ms)[0m  [1m[36mcommit transaction[0m
Redirected to http://localhost:3000/users
Completed 302 Found in 71ms (ActiveRecord: 66.1ms)


Started GET "/users" for 127.0.0.1 at 2018-07-17 21:55:28 +0700
Processing by UsersController#index as HTML
  Rendering users/index.html.erb within layouts/application
  [1m[36mUser Load (0.4ms)[0m  [1m[34mSELECT "users".* FROM "users"[0m
  Rendered users/index.html.erb within layouts/application (3.4ms)
Completed 200 OK in 37ms (Views: 36.1ms | ActiveRecord: 0.4ms)


  [1m[35m (0.2ms)[0m  [1m[34mSELECT "schema_migrations"."version" FROM "schema_migrations" ORDER BY "schema_migrations"."version" ASC[0m
  [1m[36mActiveRecord::InternalMetadata Load (0.2ms)[0m  [1m[34mSELECT  "ar_internal_metadata".* FROM "ar_internal_metadata" WHERE "ar_internal_metadata"."key" = ? LIMIT ?[0m  [["key", "environment"], ["LIMIT", 1]]
  [1m[35m (0.1ms)[0m  [1m[36mbegin transaction[0m
  [1m[35m (0.0ms)[0m  [1m[36mcommit transaction[0m
  [1m[35m (0.1ms)[0m  [1m[34mSELECT "schema_migrations"."version" FROM "schema_migrations" ORDER BY "schema_migrations"."version" ASC[0m
  [1m[35m (0.1ms)[0m  [1m[36mbegin transaction[0m
  [1m[35mSQL (0.3ms)[0m  [1m[32mINSERT INTO "users" ("name", "email", "created_at", "updated_at") VALUES (?, ?, ?, ?)[0m  [["name", "DUC"], ["email", "duc@dm.com"], ["created_at", "2018-07-17 16:58:33.229180"], ["updated_at", "2018-07-17 16:58:33.229180"]]
  [1m[35m (95.3ms)[0m  [1m[36mcommit transaction[0m
  [1m[35m (0.1ms)[0m  [1m[34mSELECT "schema_migrations"."version" FROM "schema_migrations" ORDER BY "schema_migrations"."version" ASC[0m
Migrating to AddMoreToUsers (20180717175035)
  [1m[35m (0.1ms)[0m  [1m[34mSELECT "schema_migrations"."version" FROM "schema_migrations" ORDER BY "schema_migrations"."version" ASC[0m
Migrating to AddMoreToUsers (20180717175207)
  [1m[35m (0.2ms)[0m  [1m[34mSELECT "schema_migrations"."version" FROM "schema_migrations" ORDER BY "schema_migrations"."version" ASC[0m
Migrating to AddMoreToUsers (20180717175336)
  [1m[35m (0.0ms)[0m  [1m[36mbegin transaction[0m
  [1m[35m (13.1ms)[0m  [1m[35mALTER TABLE "users" ADD "age" integer[0m
  [1m[35m (0.2ms)[0m  [1m[35mALTER TABLE "users" ADD "active" boolean[0m
  [1m[35mSQL (0.1ms)[0m  [1m[32mINSERT INTO "schema_migrations" ("version") VALUES (?)[0m  [["version", "20180717175336"]]
  [1m[35m (76.2ms)[0m  [1m[36mcommit transaction[0m
  [1m[36mActiveRecord::InternalMetadata Load (0.3ms)[0m  [1m[34mSELECT  "ar_internal_metadata".* FROM "ar_internal_metadata" WHERE "ar_internal_metadata"."key" = ? LIMIT ?[0m  [["key", "environment"], ["LIMIT", 1]]
  [1m[35m (0.1ms)[0m  [1m[36mbegin transaction[0m
  [1m[35m (0.1ms)[0m  [1m[36mcommit transaction[0m
  [1m[35m (0.1ms)[0m  [1m[34mSELECT "schema_migrations"."version" FROM "schema_migrations" ORDER BY "schema_migrations"."version" ASC[0m
  [1m[35m (0.1ms)[0m  [1m[36mbegin transaction[0m
  [1m[35mSQL (0.3ms)[0m  [1m[32mINSERT INTO "users" ("name", "email", "created_at", "updated_at", "age", "active") VALUES (?, ?, ?, ?, ?, ?)[0m  [["name", "DUCC"], ["email", "minh@gamil.com"], ["created_at", "2018-07-17 17:56:36.109497"], ["updated_at", "2018-07-17 17:56:36.109497"], ["age", 10], ["active", "t"]]
  [1m[35m (116.2ms)[0m  [1m[36mcommit transaction[0m
  [1m[35m (0.1ms)[0m  [1m[36mbegin transaction[0m
  [1m[35mSQL (0.3ms)[0m  [1m[32mINSERT INTO "users" ("name", "email", "created_at", "updated_at", "age", "active") VALUES (?, ?, ?, ?, ?, ?)[0m  [["name", "DUCC"], ["email", "minh@gamil.com"], ["created_at", "2018-07-17 17:59:59.048830"], ["updated_at", "2018-07-17 17:59:59.048830"], ["age", 10], ["active", "t"]]
  [1m[35m (58.2ms)[0m  [1m[36mcommit transaction[0m
  [1m[35m (0.2ms)[0m  [1m[36mbegin transaction[0m
  [1m[35mSQL (0.3ms)[0m  [1m[32mINSERT INTO "users" ("name", "email", "created_at", "updated_at", "age", "active") VALUES (?, ?, ?, ?, ?, ?)[0m  [["name", "DUCC"], ["email", "minh@gamil.com"], ["created_at", "2018-07-18 01:14:32.663644"], ["updated_at", "2018-07-18 01:14:32.663644"], ["age", 10], ["active", "t"]]
  [1m[35m (102.4ms)[0m  [1m[36mcommit transaction[0m
  [1m[35m (0.1ms)[0m  [1m[36mbegin transaction[0m
  [1m[35mSQL (0.6ms)[0m  [1m[32mINSERT INTO "users" ("name", "email", "created_at", "updated_at", "age", "active") VALUES (?, ?, ?, ?, ?, ?)[0m  [["name", "DUCC"], ["email", "minh@gamil.com"], ["created_at", "2018-07-18 01:14:58.218925"], ["updated_at", "2018-07-18 01:14:58.218925"], ["age", 19], ["active", "t"]]
  [1m[35m (62.1ms)[0m  [1m[36mcommit transaction[0m
  [1m[35m (0.2ms)[0m  [1m[36mbegin transaction[0m
  [1m[35mSQL (0.6ms)[0m  [1m[32mINSERT INTO "users" ("name", "email", "created_at", "updated_at", "age", "active") VALUES (?, ?, ?, ?, ?, ?)[0m  [["name", "DUCC"], ["email", "minh@gamil.com"], ["created_at", "2018-07-18 01:16:40.354669"], ["updated_at", "2018-07-18 01:16:40.354669"], ["age", 19], ["active", "t"]]
  [1m[35m (69.8ms)[0m  [1m[36mcommit transaction[0m
  [1m[35m (0.1ms)[0m  [1m[36mbegin transaction[0m
  [1m[35mSQL (0.3ms)[0m  [1m[32mINSERT INTO "users" ("name", "email", "created_at", "updated_at", "age", "active") VALUES (?, ?, ?, ?, ?, ?)[0m  [["name", "ducc"], ["email", "minh@g"], ["created_at", "2018-07-18 01:21:50.545230"], ["updated_at", "2018-07-18 01:21:50.545230"], ["age", 10], ["active", "t"]]
  [1m[35m (65.8ms)[0m  [1m[36mcommit transaction[0m
  [1m[35m (0.1ms)[0m  [1m[36mbegin transaction[0m
  [1m[35mSQL (0.6ms)[0m  [1m[32mINSERT INTO "users" ("name", "email", "created_at", "updated_at", "age", "active") VALUES (?, ?, ?, ?, ?, ?)[0m  [["name", "ducc"], ["email", "minh@g"], ["created_at", "2018-07-18 01:28:24.607696"], ["updated_at", "2018-07-18 01:28:24.607696"], ["age", 10], ["active", "t"]]
  [1m[35m (96.2ms)[0m  [1m[36mcommit transaction[0m
  [1m[35m (0.2ms)[0m  [1m[36mbegin transaction[0m
  [1m[35mSQL (0.7ms)[0m  [1m[32mINSERT INTO "users" ("name", "email", "created_at", "updated_at", "age", "active") VALUES (?, ?, ?, ?, ?, ?)[0m  [["name", "ducc"], ["email", "minh@g"], ["created_at", "2018-07-18 01:29:23.802280"], ["updated_at", "2018-07-18 01:29:23.802280"], ["age", 10], ["active", "t"]]
  [1m[35m (100.3ms)[0m  [1m[36mcommit transaction[0m
  [1m[36mUser Load (0.4ms)[0m  [1m[34mSELECT  "users".* FROM "users" WHERE "users"."id" = ? LIMIT ?[0m  [["id", 1], ["LIMIT", 1]]
  [1m[36mUser Load (0.5ms)[0m  [1m[34mSELECT  "users".* FROM "users" LIMIT ?[0m  [["LIMIT", 11]]
  [1m[36mUser Load (0.3ms)[0m  [1m[34mSELECT  "users".* FROM "users" WHERE "users"."id" = ? LIMIT ?[0m  [["id", 6], ["LIMIT", 1]]
  [1m[35m (0.2ms)[0m  [1m[36mbegin transaction[0m
  [1m[35mSQL (0.5ms)[0m  [1m[31mDELETE FROM "users" WHERE "users"."id" = ?[0m  [["id", 6]]
=================User 6 was destroyed=================
  [1m[35m (120.8ms)[0m  [1m[36mcommit transaction[0m
  [1m[35m (0.1ms)[0m  [1m[36mbegin transaction[0m
  [1m[35mSQL (0.7ms)[0m  [1m[32mINSERT INTO "users" ("name", "email", "created_at", "updated_at", "age", "active") VALUES (?, ?, ?, ?, ?, ?)[0m  [["name", "ducc"], ["email", "minh@g"], ["created_at", "2018-07-18 01:31:23.301189"], ["updated_at", "2018-07-18 01:31:23.301189"], ["age", 10], ["active", "t"]]
  [1m[35m (73.6ms)[0m  [1m[36mcommit transaction[0m
  [1m[35m (0.1ms)[0m  [1m[36mbegin transaction[0m
  [1m[35mSQL (0.6ms)[0m  [1m[32mINSERT INTO "users" ("name", "email", "created_at", "updated_at", "age", "active") VALUES (?, ?, ?, ?, ?, ?)[0m  [["name", "ducc"], ["email", "minh@g"], ["created_at", "2018-07-18 01:39:16.786496"], ["updated_at", "2018-07-18 01:39:16.786496"], ["age", 10], ["active", "t"]]
  [1m[35m (75.9ms)[0m  [1m[36mcommit transaction[0m
  [1m[35m (0.1ms)[0m  [1m[36mbegin transaction[0m
  [1m[35mSQL (0.4ms)[0m  [1m[32mINSERT INTO "users" ("name", "email", "created_at", "updated_at", "age", "active") VALUES (?, ?, ?, ?, ?, ?)[0m  [["name", "ducc"], ["email", "minh@g"], ["created_at", "2018-07-18 01:40:15.978077"], ["updated_at", "2018-07-18 01:40:15.978077"], ["age", 10], ["active", "t"]]
  [1m[35m (83.7ms)[0m  [1m[36mcommit transaction[0m
  [1m[35m (0.1ms)[0m  [1m[36mbegin transaction[0m
  [1m[35mSQL (1.1ms)[0m  [1m[32mINSERT INTO "users" ("name", "email", "created_at", "updated_at", "age", "active") VALUES (?, ?, ?, ?, ?, ?)[0m  [["name", "ducc"], ["email", "minh@g"], ["created_at", "2018-07-18 01:41:11.283983"], ["updated_at", "2018-07-18 01:41:11.283983"], ["age", 10], ["active", "t"]]
  [1m[35m (102.7ms)[0m  [1m[36mcommit transaction[0m
  [1m[35m (0.1ms)[0m  [1m[36mbegin transaction[0m
  [1m[35mSQL (0.6ms)[0m  [1m[32mINSERT INTO "users" ("name", "email", "created_at", "updated_at", "age", "active") VALUES (?, ?, ?, ?, ?, ?)[0m  [["name", "DUCC"], ["email", "minh@g"], ["created_at", "2018-07-18 01:43:43.638205"], ["updated_at", "2018-07-18 01:43:43.638205"], ["age", 10], ["active", "f"]]
  [1m[35m (104.6ms)[0m  [1m[36mcommit transaction[0m
  [1m[35m (0.2ms)[0m  [1m[36mbegin transaction[0m
  [1m[35mSQL (0.6ms)[0m  [1m[33mUPDATE "users" SET "name" = ?, "email" = ?, "updated_at" = ?, "active" = ? WHERE "users"."id" = ?[0m  [["name", "ducc"], ["email", "minh@g@gmail.com"], ["updated_at", "2018-07-18 01:44:33.954969"], ["active", "t"], ["id", 19]]
  [1m[35m (87.2ms)[0m  [1m[36mcommit transaction[0m
  [1m[35m (0.1ms)[0m  [1m[36mbegin transaction[0m
  [1m[35m (0.1ms)[0m  [1m[31mrollback transaction[0m
  [1m[35m (0.1ms)[0m  [1m[36mbegin transaction[0m
  [1m[35m (0.1ms)[0m  [1m[31mrollback transaction[0m
  [1m[35m (0.2ms)[0m  [1m[36mbegin transaction[0m
  [1m[35m (0.1ms)[0m  [1m[31mrollback transaction[0m
  [1m[35m (0.1ms)[0m  [1m[36mbegin transaction[0m
  [1m[35mSQL (0.4ms)[0m  [1m[32mINSERT INTO "users" ("name", "email", "created_at", "updated_at", "age", "active") VALUES (?, ?, ?, ?, ?, ?)[0m  [["name", "DUCC"], ["email", "minh@g"], ["created_at", "2018-07-18 01:48:04.998069"], ["updated_at", "2018-07-18 01:48:04.998069"], ["age", 10], ["active", "f"]]
  [1m[35m (90.6ms)[0m  [1m[36mcommit transaction[0m
  [1m[35m (0.1ms)[0m  [1m[36mbegin transaction[0m
  [1m[35mSQL (0.4ms)[0m  [1m[33mUPDATE "users" SET "name" = ?, "email" = ?, "updated_at" = ?, "active" = ? WHERE "users"."id" = ?[0m  [["name", "ducc"], ["email", "minh@g@gmail.com"], ["updated_at", "2018-07-18 01:49:23.957453"], ["active", "t"], ["id", 20]]
  [1m[35m (76.6ms)[0m  [1m[36mcommit transaction[0m
  [1m[36mUser Load (0.4ms)[0m  [1m[34mSELECT  "users".* FROM "users" ORDER BY "users"."id" ASC LIMIT ?[0m  [["LIMIT", 1]]
  [1m[36mUser Load (0.3ms)[0m  [1m[34mSELECT  "users".* FROM "users" ORDER BY "users"."id" ASC LIMIT ?[0m  [["LIMIT", 1]]
  [1m[35m (0.1ms)[0m  [1m[36mbegin transaction[0m
  [1m[35m (0.0ms)[0m  [1m[31mrollback transaction[0m
  [1m[36mUser Load (0.3ms)[0m  [1m[34mSELECT  "users".* FROM "users" ORDER BY "users"."id" ASC LIMIT ?[0m  [["LIMIT", 1]]
  [1m[36mUser Load (0.3ms)[0m  [1m[34mSELECT  "users".* FROM "users" ORDER BY "users"."id" ASC LIMIT ?[0m  [["LIMIT", 1]]
  [1m[36mMember Load (0.3ms)[0m  [1m[34mSELECT  "users".* FROM "users" ORDER BY "users"."id" ASC LIMIT ?[0m  [["LIMIT", 1]]
  [1m[35m (0.1ms)[0m  [1m[36mbegin transaction[0m
=================User < 18 age =================
  [1m[35mSQL (0.3ms)[0m  [1m[33mUPDATE "users" SET "name" = ?, "email" = ?, "updated_at" = ? WHERE "users"."id" = ?[0m  [["name", "ducc"], ["email", "sds@gmail.com"], ["updated_at", "2018-07-18 01:53:24.195084"], ["id", 7]]
  [1m[35m (6654.9ms)[0m  [1m[36mcommit transaction[0m
  [1m[35m (0.2ms)[0m  [1m[36mbegin transaction[0m
  [1m[35mSQL (0.3ms)[0m  [1m[32mINSERT INTO "users" ("name", "email", "created_at", "updated_at", "age", "active") VALUES (?, ?, ?, ?, ?, ?)[0m  [["name", "DUCC"], ["email", "min.com"], ["created_at", "2018-07-18 01:56:16.030578"], ["updated_at", "2018-07-18 01:56:16.030578"], ["age", 10], ["active", "t"]]
  [1m[35m (91.3ms)[0m  [1m[36mcommit transaction[0m
  [1m[35m (0.1ms)[0m  [1m[36mbegin transaction[0m
  [1m[35mSQL (0.3ms)[0m  [1m[32mINSERT INTO "users" ("name", "email", "created_at", "updated_at", "age", "active") VALUES (?, ?, ?, ?, ?, ?)[0m  [["name", "DUCC"], ["email", "min.com"], ["created_at", "2018-07-18 01:59:41.135238"], ["updated_at", "2018-07-18 01:59:41.135238"], ["age", 10], ["active", "t"]]
  [1m[35m (97.6ms)[0m  [1m[36mcommit transaction[0m
  [1m[35m (0.1ms)[0m  [1m[36mbegin transaction[0m
  [1m[35mSQL (0.3ms)[0m  [1m[32mINSERT INTO "users" ("name", "email", "created_at", "updated_at", "age") VALUES (?, ?, ?, ?, ?)[0m  [["name", "DUCC"], ["email", "minh@g"], ["created_at", "2018-07-18 02:08:09.813790"], ["updated_at", "2018-07-18 02:08:09.813790"], ["age", 19]]
  [1m[35m (80.1ms)[0m  [1m[36mcommit transaction[0m
  [1m[35m (0.1ms)[0m  [1m[36mbegin transaction[0m
  [1m[35mSQL (0.6ms)[0m  [1m[32mINSERT INTO "users" ("name", "email", "created_at", "updated_at", "age") VALUES (?, ?, ?, ?, ?)[0m  [["name", "DUCC"], ["email", "minh@g"], ["created_at", "2018-07-18 02:09:31.643563"], ["updated_at", "2018-07-18 02:09:31.643563"], ["age", 1]]
  [1m[35m (87.7ms)[0m  [1m[36mcommit transaction[0m
  [1m[35m (0.1ms)[0m  [1m[36mbegin transaction[0m
=================User < 18 age =================
  [1m[35m (0.0ms)[0m  [1m[31mrollback transaction[0m
  [1m[35m (0.1ms)[0m  [1m[36mbegin transaction[0m
=================User < 18 age =================
  [1m[35mSQL (0.3ms)[0m  [1m[32mINSERT INTO "users" ("name", "email", "created_at", "updated_at", "age", "active") VALUES (?, ?, ?, ?, ?, ?)[0m  [["name", "DUCC"], ["email", "minh@g"], ["created_at", "2018-07-18 02:14:45.372102"], ["updated_at", "2018-07-18 02:14:45.372102"], ["age", 1], ["active", "f"]]
  [1m[35m (97.4ms)[0m  [1m[36mcommit transaction[0m
  [1m[35m (0.1ms)[0m  [1m[36mbegin transaction[0m
  [1m[35mSQL (0.3ms)[0m  [1m[32mINSERT INTO "users" ("name", "email", "created_at", "updated_at", "age") VALUES (?, ?, ?, ?, ?)[0m  [["name", "ducc"], ["email", "minh@g"], ["created_at", "2018-07-18 02:17:44.397749"], ["updated_at", "2018-07-18 02:17:44.397749"], ["age", 1]]
  [1m[35m (84.8ms)[0m  [1m[36mcommit transaction[0m
  [1m[35m (0.1ms)[0m  [1m[36mbegin transaction[0m
  [1m[35mSQL (0.6ms)[0m  [1m[32mINSERT INTO "users" ("name", "email", "created_at", "updated_at", "age") VALUES (?, ?, ?, ?, ?)[0m  [["name", "ducc"], ["email", "minh@g"], ["created_at", "2018-07-18 02:21:28.604125"], ["updated_at", "2018-07-18 02:21:28.604125"], ["age", 1]]
  [1m[35m (63.5ms)[0m  [1m[36mcommit transaction[0m
  [1m[35m (0.1ms)[0m  [1m[36mbegin transaction[0m
  [1m[35m (0.1ms)[0m  [1m[31mrollback transaction[0m
  [1m[35m (0.1ms)[0m  [1m[36mbegin transaction[0m
  [1m[35mSQL (0.3ms)[0m  [1m[32mINSERT INTO "users" ("name", "email", "created_at", "updated_at", "age") VALUES (?, ?, ?, ?, ?)[0m  [["name", "DUCC"], ["email", "minh@g"], ["created_at", "2018-07-18 02:22:43.025784"], ["updated_at", "2018-07-18 02:22:43.025784"], ["age", 1]]
  [1m[35m (82.4ms)[0m  [1m[36mcommit transaction[0m
  [1m[35m (0.1ms)[0m  [1m[36mbegin transaction[0m
  [1m[35m (0.1ms)[0m  [1m[31mrollback transaction[0m
  [1m[35m (0.1ms)[0m  [1m[36mbegin transaction[0m
  [1m[35m (0.1ms)[0m  [1m[31mrollback transaction[0m
  [1m[35m (0.2ms)[0m  [1m[36mbegin transaction[0m
  [1m[35m (0.1ms)[0m  [1m[31mrollback transaction[0m
  [1m[35m (0.1ms)[0m  [1m[36mbegin transaction[0m
  [1m[35m (0.0ms)[0m  [1m[31mrollback transaction[0m
  [1m[35m (0.1ms)[0m  [1m[36mbegin transaction[0m
  [1m[35m (0.1ms)[0m  [1m[31mrollback transaction[0m
  [1m[35m (0.1ms)[0m  [1m[36mbegin transaction[0m
  [1m[35m (0.2ms)[0m  [1m[31mrollback transaction[0m
  [1m[35m (0.1ms)[0m  [1m[36mbegin transaction[0m
  [1m[35m (0.0ms)[0m  [1m[31mrollback transaction[0m
  [1m[35m (0.1ms)[0m  [1m[36mbegin transaction[0m
  [1m[35m (0.1ms)[0m  [1m[31mrollback transaction[0m
  [1m[35m (0.1ms)[0m  [1m[36mbegin transaction[0m
  [1m[35m (0.1ms)[0m  [1m[31mrollback transaction[0m
  [1m[35m (0.1ms)[0m  [1m[36mbegin transaction[0m
  [1m[35m (0.1ms)[0m  [1m[31mrollback transaction[0m
  [1m[35m (0.2ms)[0m  [1m[36mbegin transaction[0m
  [1m[35mSQL (0.5ms)[0m  [1m[32mINSERT INTO "users" ("name", "email", "created_at", "updated_at", "age") VALUES (?, ?, ?, ?, ?)[0m  [["name", "DUCC"], ["email", "minh@gg"], ["created_at", "2018-07-18 02:30:26.456140"], ["updated_at", "2018-07-18 02:30:26.456140"], ["age", 20]]
  [1m[35m (117.0ms)[0m  [1m[36mcommit transaction[0m
  [1m[35m (0.1ms)[0m  [1m[36mbegin transaction[0m
  [1m[35m (0.0ms)[0m  [1m[31mrollback transaction[0m
  [1m[35m (0.1ms)[0m  [1m[36mbegin transaction[0m
  [1m[35mSQL (0.3ms)[0m  [1m[32mINSERT INTO "users" ("name", "email", "created_at", "updated_at", "age") VALUES (?, ?, ?, ?, ?)[0m  [["name", "DUCC"], ["email", "miggg"], ["created_at", "2018-07-18 02:34:59.808072"], ["updated_at", "2018-07-18 02:34:59.808072"], ["age", 20]]
  [1m[35m (136.0ms)[0m  [1m[36mcommit transaction[0m
  [1m[35m (0.1ms)[0m  [1m[36mbegin transaction[0m
  [1m[35mSQL (0.5ms)[0m  [1m[32mINSERT INTO "users" ("name", "email", "created_at", "updated_at", "age") VALUES (?, ?, ?, ?, ?)[0m  [["name", "DUCC"], ["email", "miggg"], ["created_at", "2018-07-18 02:35:14.902832"], ["updated_at", "2018-07-18 02:35:14.902832"], ["age", 20]]
  [1m[35m (94.8ms)[0m  [1m[36mcommit transaction[0m
  [1m[35m (0.1ms)[0m  [1m[36mbegin transaction[0m
  [1m[35mSQL (0.3ms)[0m  [1m[32mINSERT INTO "users" ("name", "email", "created_at", "updated_at", "age") VALUES (?, ?, ?, ?, ?)[0m  [["name", "DUCC"], ["email", "miggg"], ["created_at", "2018-07-18 02:36:49.328392"], ["updated_at", "2018-07-18 02:36:49.328392"], ["age", 20]]
  [1m[35m (91.8ms)[0m  [1m[36mcommit transaction[0m
  [1m[35m (0.2ms)[0m  [1m[36mbegin transaction[0m
  [1m[35mSQL (0.3ms)[0m  [1m[32mINSERT INTO "users" ("name", "email", "created_at", "updated_at", "age") VALUES (?, ?, ?, ?, ?)[0m  [["name", "ducc"], ["email", "miggg"], ["created_at", "2018-07-18 02:38:38.684580"], ["updated_at", "2018-07-18 02:38:38.684580"], ["age", 20]]
  [1m[35m (101.0ms)[0m  [1m[36mcommit transaction[0m
  [1m[35m (0.1ms)[0m  [1m[36mbegin transaction[0m
  [1m[35mSQL (0.3ms)[0m  [1m[32mINSERT INTO "users" ("name", "email", "created_at", "updated_at", "age") VALUES (?, ?, ?, ?, ?)[0m  [["name", "DUCC"], ["email", "miggg"], ["created_at", "2018-07-18 02:38:50.526219"], ["updated_at", "2018-07-18 02:38:50.526219"], ["age", 20]]
  [1m[35m (74.1ms)[0m  [1m[36mcommit transaction[0m
  [1m[35m (0.1ms)[0m  [1m[36mbegin transaction[0m
  [1m[35mSQL (0.3ms)[0m  [1m[32mINSERT INTO "users" ("name", "email", "created_at", "updated_at", "age") VALUES (?, ?, ?, ?, ?)[0m  [["name", "DUCC"], ["email", "miggg"], ["created_at", "2018-07-18 02:39:32.423565"], ["updated_at", "2018-07-18 02:39:32.423565"], ["age", 20]]
  [1m[35m (90.0ms)[0m  [1m[36mcommit transaction[0m
  [1m[35m (0.1ms)[0m  [1m[36mbegin transaction[0m
  [1m[35mSQL (0.4ms)[0m  [1m[32mINSERT INTO "users" ("name", "email", "created_at", "updated_at", "age") VALUES (?, ?, ?, ?, ?)[0m  [["name", "DUCC"], ["email", "miggg"], ["created_at", "2018-07-18 02:43:47.126318"], ["updated_at", "2018-07-18 02:43:47.126318"], ["age", 15]]
  [1m[35m (104.7ms)[0m  [1m[36mcommit transaction[0m
  [1m[35m (0.2ms)[0m  [1m[36mbegin transaction[0m
  [1m[35mSQL (0.8ms)[0m  [1m[32mINSERT INTO "users" ("name", "email", "created_at", "updated_at", "age") VALUES (?, ?, ?, ?, ?)[0m  [["name", "DUCC"], ["email", "miggg"], ["created_at", "2018-07-18 02:44:09.295874"], ["updated_at", "2018-07-18 02:44:09.295874"], ["age", 15]]
  [1m[35m (87.7ms)[0m  [1m[36mcommit transaction[0m
  [1m[35m (0.2ms)[0m  [1m[36mbegin transaction[0m
  [1m[35mSQL (0.7ms)[0m  [1m[32mINSERT INTO "users" ("name", "email", "created_at", "updated_at", "age") VALUES (?, ?, ?, ?, ?)[0m  [["name", "DUCC"], ["email", "miggg"], ["created_at", "2018-07-18 02:45:17.051502"], ["updated_at", "2018-07-18 02:45:17.051502"], ["age", 15]]
  [1m[35m (61.5ms)[0m  [1m[36mcommit transaction[0m
  [1m[35m (0.1ms)[0m  [1m[36mbegin transaction[0m
  [1m[35mSQL (0.7ms)[0m  [1m[32mINSERT INTO "users" ("name", "email", "created_at", "updated_at", "age") VALUES (?, ?, ?, ?, ?)[0m  [["name", "DUCC"], ["email", "miggg"], ["created_at", "2018-07-18 02:45:35.632703"], ["updated_at", "2018-07-18 02:45:35.632703"], ["age", 15]]
  [1m[35m (73.6ms)[0m  [1m[36mcommit transaction[0m
  [1m[35m (0.1ms)[0m  [1m[36mbegin transaction[0m
  [1m[35mSQL (0.3ms)[0m  [1m[32mINSERT INTO "users" ("name", "email", "created_at", "updated_at", "age") VALUES (?, ?, ?, ?, ?)[0m  [["name", "DUCC"], ["email", "miggg"], ["created_at", "2018-07-18 02:45:43.277272"], ["updated_at", "2018-07-18 02:45:43.277272"], ["age", 15]]
  [1m[35m (96.6ms)[0m  [1m[36mcommit transaction[0m
  [1m[35m (0.1ms)[0m  [1m[36mbegin transaction[0m
  [1m[35mSQL (0.3ms)[0m  [1m[32mINSERT INTO "users" ("name", "email", "created_at", "updated_at", "age") VALUES (?, ?, ?, ?, ?)[0m  [["name", "DUCC"], ["email", "miggg"], ["created_at", "2018-07-18 02:45:54.065050"], ["updated_at", "2018-07-18 02:45:54.065050"], ["age", 20]]
  [1m[35m (69.8ms)[0m  [1m[36mcommit transaction[0m
